DEPRECATION WARNING: config.action_view.debug_rjs will be removed in 3.1, from 3.1 onwards you will need to install prototype-rails to continue to use RJS templates . (called from service at /usr/lib/ruby/1.8/webrick/httpserver.rb:104)


Started GET "/pages/page1" for 127.0.0.1 at Thu Jun 30 11:35:17 -0700 2011
  Processing by PagesController#page1 as HTML
Rendered pages/page1.html.erb within layouts/application (1.0ms)
Completed 200 OK in 3ms (Views: 3.3ms | ActiveRecord: 0.0ms)


Started GET "/pages/page1" for 127.0.0.1 at Thu Jun 30 11:36:22 -0700 2011
  Processing by PagesController#page1 as HTML
Rendered pages/page1.html.erb within layouts/application (1.0ms)
Completed 200 OK in 9ms (Views: 8.6ms | ActiveRecord: 0.0ms)


Started GET "/pages/page1" for 127.0.0.1 at Thu Jun 30 11:37:49 -0700 2011
  Processing by PagesController#page1 as HTML
Rendered pages/page1.html.erb within layouts/application (1.2ms)
Completed 200 OK in 4ms (Views: 3.5ms | ActiveRecord: 0.0ms)


Started GET "/pages/page1" for 127.0.0.1 at Thu Jun 30 11:38:08 -0700 2011
  Processing by PagesController#page1 as HTML
Rendered pages/page1.html.erb within layouts/application (0.9ms)
Completed 200 OK in 3ms (Views: 3.2ms | ActiveRecord: 0.0ms)


Started GET "/pages/page1" for 127.0.0.1 at Thu Jun 30 11:39:17 -0700 2011
  Processing by PagesController#page1 as HTML
Rendered pages/page1.html.erb within layouts/application (1.0ms)
Completed 200 OK in 9ms (Views: 9.2ms | ActiveRecord: 0.0ms)


Started GET "/pages/page1" for 127.0.0.1 at Thu Jun 30 11:39:19 -0700 2011
  Processing by PagesController#page1 as HTML
Rendered pages/page1.html.erb within layouts/application (0.9ms)
Completed 200 OK in 3ms (Views: 3.2ms | ActiveRecord: 0.0ms)


Started GET "/pages/page1" for 127.0.0.1 at Thu Jun 30 11:39:33 -0700 2011
  Processing by PagesController#page1 as HTML
Rendered pages/page1.html.erb within layouts/application (0.9ms)
Completed 200 OK in 3ms (Views: 3.1ms | ActiveRecord: 0.0ms)
DEPRECATION WARNING: config.action_view.debug_rjs will be removed in 3.1, from 3.1 onwards you will need to install prototype-rails to continue to use RJS templates . (called from service at /usr/lib/ruby/1.8/webrick/httpserver.rb:104)


Started GET "/pages/page1" for 127.0.0.1 at Wed Jul 06 10:21:43 -0700 2011
  Processing by PagesController#page1 as HTML
Rendered pages/page1.html.erb within layouts/application (1.1ms)
Completed 200 OK in 4ms (Views: 4.1ms | ActiveRecord: 0.0ms)
DEPRECATION WARNING: config.action_view.debug_rjs will be removed in 3.1, from 3.1 onwards you will need to install prototype-rails to continue to use RJS templates . (called from service at /usr/lib/ruby/1.8/webrick/httpserver.rb:104)


Started GET "/" for 127.0.0.1 at Wed Jul 06 11:32:55 -0700 2011
  Processing by PagesController#page1 as HTML
Rendered pages/page1.html.erb within layouts/application (1.0ms)
Completed 200 OK in 5ms (Views: 5.0ms | ActiveRecord: 0.0ms)


Started GET "/page2" for 127.0.0.1 at Wed Jul 06 11:33:02 -0700 2011
  Processing by PagesController#page2 as HTML
Rendered pages/page2.html.erb within layouts/application (1.3ms)
Completed 200 OK in 14ms (Views: 14.0ms | ActiveRecord: 0.0ms)


Started GET "/blueprint/plugins/fancy-type/screen.css" for 127.0.0.1 at Wed Jul 06 11:33:02 -0700 2011

ActionController::RoutingError (No route matches "/blueprint/plugins/fancy-type/screen.css"):
  

Rendered /usr/lib/ruby/gems/1.8/gems/actionpack-3.0.9/lib/action_dispatch/middleware/templates/rescues/routing_error.erb within rescues/layout (1.0ms)


Started GET "/test.jpg" for 127.0.0.1 at Wed Jul 06 11:33:03 -0700 2011

ActionController::RoutingError (No route matches "/test.jpg"):
  

Rendered /usr/lib/ruby/gems/1.8/gems/actionpack-3.0.9/lib/action_dispatch/middleware/templates/rescues/routing_error.erb within rescues/layout (4.3ms)


Started GET "/valid.png" for 127.0.0.1 at Wed Jul 06 11:33:03 -0700 2011

ActionController::RoutingError (No route matches "/valid.png"):
  

Rendered /usr/lib/ruby/gems/1.8/gems/actionpack-3.0.9/lib/action_dispatch/middleware/templates/rescues/routing_error.erb within rescues/layout (0.4ms)


Started GET "/" for 127.0.0.1 at Wed Jul 06 11:33:09 -0700 2011
  Processing by PagesController#page1 as HTML
Rendered pages/page1.html.erb within layouts/application (1.0ms)
Completed 200 OK in 3ms (Views: 3.3ms | ActiveRecord: 0.0ms)


Started GET "/" for 127.0.0.1 at Fri Jul 08 09:53:34 -0700 2011
  Processing by PagesController#page1 as HTML
Rendered pages/page1.html.erb within layouts/application (5.3ms)
Completed 200 OK in 9ms (Views: 8.6ms | ActiveRecord: 0.0ms)


Started GET "/" for 127.0.0.1 at Fri Jul 08 10:41:55 -0700 2011
  Processing by PagesController#page1 as HTML
Rendered pages/page1.html.erb within layouts/application (1.7ms)
Completed 200 OK in 7ms (Views: 6.5ms | ActiveRecord: 0.0ms)


Started GET "/" for 127.0.0.1 at Fri Jul 08 10:44:52 -0700 2011
  Processing by PagesController#page1 as HTML
Rendered pages/page1.html.erb within layouts/application (1.3ms)
Completed 200 OK in 4ms (Views: 3.8ms | ActiveRecord: 0.0ms)


Started GET "/src/people.jpg)" for 127.0.0.1 at Fri Jul 08 10:44:52 -0700 2011

ActionController::RoutingError (No route matches "/src/people.jpg)"):
  

Rendered /usr/lib/ruby/gems/1.8/gems/actionpack-3.0.9/lib/action_dispatch/middleware/templates/rescues/routing_error.erb within rescues/layout (0.5ms)


Started GET "/" for 127.0.0.1 at Fri Jul 08 10:44:54 -0700 2011
  Processing by PagesController#page1 as HTML
Rendered pages/page1.html.erb within layouts/application (1.3ms)
Completed 200 OK in 9ms (Views: 8.3ms | ActiveRecord: 0.0ms)


Started GET "/src/people.jpg)" for 127.0.0.1 at Fri Jul 08 10:44:54 -0700 2011

ActionController::RoutingError (No route matches "/src/people.jpg)"):
  

Rendered /usr/lib/ruby/gems/1.8/gems/actionpack-3.0.9/lib/action_dispatch/middleware/templates/rescues/routing_error.erb within rescues/layout (0.6ms)


Started GET "/" for 127.0.0.1 at Fri Jul 08 10:45:15 -0700 2011
  Processing by PagesController#page1 as HTML
Rendered pages/page1.html.erb within layouts/application (1.0ms)
Completed 200 OK in 4ms (Views: 3.3ms | ActiveRecord: 0.0ms)


Started GET "/(src/people.jpg)" for 127.0.0.1 at Fri Jul 08 10:45:15 -0700 2011

ActionController::RoutingError (No route matches "/(src/people.jpg)"):
  

Rendered /usr/lib/ruby/gems/1.8/gems/actionpack-3.0.9/lib/action_dispatch/middleware/templates/rescues/routing_error.erb within rescues/layout (0.4ms)


Started GET "/" for 127.0.0.1 at Fri Jul 08 10:45:16 -0700 2011
  Processing by PagesController#page1 as HTML
Rendered pages/page1.html.erb within layouts/application (2.2ms)
Completed 200 OK in 8ms (Views: 7.8ms | ActiveRecord: 0.0ms)


Started GET "/(src/people.jpg)" for 127.0.0.1 at Fri Jul 08 10:45:16 -0700 2011

ActionController::RoutingError (No route matches "/(src/people.jpg)"):
  

Rendered /usr/lib/ruby/gems/1.8/gems/actionpack-3.0.9/lib/action_dispatch/middleware/templates/rescues/routing_error.erb within rescues/layout (0.4ms)


Started GET "/" for 127.0.0.1 at Fri Jul 08 10:45:39 -0700 2011
  Processing by PagesController#page1 as HTML
Rendered pages/page1.html.erb within layouts/application (1.0ms)
Completed 200 OK in 3ms (Views: 3.1ms | ActiveRecord: 0.0ms)


Started GET "/src/people.jpg" for 127.0.0.1 at Fri Jul 08 10:45:39 -0700 2011

ActionController::RoutingError (No route matches "/src/people.jpg"):
  

Rendered /usr/lib/ruby/gems/1.8/gems/actionpack-3.0.9/lib/action_dispatch/middleware/templates/rescues/routing_error.erb within rescues/layout (0.4ms)


Started GET "/" for 127.0.0.1 at Fri Jul 08 10:45:40 -0700 2011
  Processing by PagesController#page1 as HTML
Rendered pages/page1.html.erb within layouts/application (0.9ms)
Completed 200 OK in 3ms (Views: 3.2ms | ActiveRecord: 0.0ms)


Started GET "/src/people.jpg" for 127.0.0.1 at Fri Jul 08 10:45:40 -0700 2011

ActionController::RoutingError (No route matches "/src/people.jpg"):
  

Rendered /usr/lib/ruby/gems/1.8/gems/actionpack-3.0.9/lib/action_dispatch/middleware/templates/rescues/routing_error.erb within rescues/layout (0.4ms)


Started GET "/" for 127.0.0.1 at Fri Jul 08 10:45:46 -0700 2011
  Processing by PagesController#page1 as HTML
Rendered pages/page1.html.erb within layouts/application (2.1ms)
Completed 200 OK in 8ms (Views: 7.5ms | ActiveRecord: 0.0ms)


Started GET "/src/people.jpg" for 127.0.0.1 at Fri Jul 08 10:45:46 -0700 2011

ActionController::RoutingError (No route matches "/src/people.jpg"):
  

Rendered /usr/lib/ruby/gems/1.8/gems/actionpack-3.0.9/lib/action_dispatch/middleware/templates/rescues/routing_error.erb within rescues/layout (0.4ms)


Started GET "/" for 127.0.0.1 at Fri Jul 08 10:45:47 -0700 2011
  Processing by PagesController#page1 as HTML
Rendered pages/page1.html.erb within layouts/application (0.9ms)
Completed 200 OK in 3ms (Views: 3.2ms | ActiveRecord: 0.0ms)


Started GET "/src/people.jpg" for 127.0.0.1 at Fri Jul 08 10:45:47 -0700 2011

ActionController::RoutingError (No route matches "/src/people.jpg"):
  

Rendered /usr/lib/ruby/gems/1.8/gems/actionpack-3.0.9/lib/action_dispatch/middleware/templates/rescues/routing_error.erb within rescues/layout (0.4ms)


Started GET "/" for 127.0.0.1 at Fri Jul 08 10:45:48 -0700 2011
  Processing by PagesController#page1 as HTML
Rendered pages/page1.html.erb within layouts/application (0.9ms)
Completed 200 OK in 7ms (Views: 6.5ms | ActiveRecord: 0.0ms)


Started GET "/src/people.jpg" for 127.0.0.1 at Fri Jul 08 10:45:48 -0700 2011

ActionController::RoutingError (No route matches "/src/people.jpg"):
  

Rendered /usr/lib/ruby/gems/1.8/gems/actionpack-3.0.9/lib/action_dispatch/middleware/templates/rescues/routing_error.erb within rescues/layout (0.4ms)


Started GET "/" for 127.0.0.1 at Fri Jul 08 10:46:55 -0700 2011
  Processing by PagesController#page1 as HTML
Rendered pages/page1.html.erb within layouts/application (1.0ms)
Completed 200 OK in 4ms (Views: 3.4ms | ActiveRecord: 0.0ms)


Started GET "/people.jpg" for 127.0.0.1 at Fri Jul 08 10:46:55 -0700 2011

ActionController::RoutingError (No route matches "/people.jpg"):
  

Rendered /usr/lib/ruby/gems/1.8/gems/actionpack-3.0.9/lib/action_dispatch/middleware/templates/rescues/routing_error.erb within rescues/layout (0.4ms)


Started GET "/" for 127.0.0.1 at Fri Jul 08 10:46:56 -0700 2011
  Processing by PagesController#page1 as HTML
Rendered pages/page1.html.erb within layouts/application (1.0ms)
Completed 200 OK in 8ms (Views: 7.7ms | ActiveRecord: 0.0ms)


Started GET "/people.jpg" for 127.0.0.1 at Fri Jul 08 10:46:56 -0700 2011

ActionController::RoutingError (No route matches "/people.jpg"):
  

Rendered /usr/lib/ruby/gems/1.8/gems/actionpack-3.0.9/lib/action_dispatch/middleware/templates/rescues/routing_error.erb within rescues/layout (0.4ms)


Started GET "/" for 127.0.0.1 at Fri Jul 08 10:46:57 -0700 2011
  Processing by PagesController#page1 as HTML
Rendered pages/page1.html.erb within layouts/application (0.9ms)
Completed 200 OK in 4ms (Views: 3.3ms | ActiveRecord: 0.0ms)


Started GET "/people.jpg" for 127.0.0.1 at Fri Jul 08 10:46:57 -0700 2011

ActionController::RoutingError (No route matches "/people.jpg"):
  

Rendered /usr/lib/ruby/gems/1.8/gems/actionpack-3.0.9/lib/action_dispatch/middleware/templates/rescues/routing_error.erb within rescues/layout (0.4ms)


Started GET "/" for 127.0.0.1 at Fri Jul 08 10:46:59 -0700 2011
  Processing by PagesController#page1 as HTML
Rendered pages/page1.html.erb within layouts/application (2.1ms)
Completed 200 OK in 8ms (Views: 7.2ms | ActiveRecord: 0.0ms)


Started GET "/people.jpg" for 127.0.0.1 at Fri Jul 08 10:46:59 -0700 2011

ActionController::RoutingError (No route matches "/people.jpg"):
  

Rendered /usr/lib/ruby/gems/1.8/gems/actionpack-3.0.9/lib/action_dispatch/middleware/templates/rescues/routing_error.erb within rescues/layout (0.4ms)


Started GET "/" for 127.0.0.1 at Fri Jul 08 10:55:50 -0700 2011
  Processing by PagesController#page1 as HTML
Rendered pages/page1.html.erb within layouts/application (1.3ms)
Completed 200 OK in 4ms (Views: 3.9ms | ActiveRecord: 0.0ms)


Started GET "/" for 127.0.0.1 at Fri Jul 08 10:57:05 -0700 2011
  Processing by PagesController#page1 as HTML
Rendered pages/page1.html.erb within layouts/application (8.2ms)
Completed 200 OK in 11ms (Views: 10.5ms | ActiveRecord: 0.0ms)


Started GET "/" for 127.0.0.1 at Fri Jul 08 10:58:30 -0700 2011
  Processing by PagesController#page1 as HTML
Rendered pages/page1.html.erb within layouts/application (1.1ms)
Completed 200 OK in 5ms (Views: 4.7ms | ActiveRecord: 0.0ms)


Started GET "/" for 127.0.0.1 at Fri Jul 08 10:58:51 -0700 2011
  Processing by PagesController#page1 as HTML
Rendered pages/page1.html.erb within layouts/application (1.0ms)
Completed 200 OK in 6ms (Views: 6.0ms | ActiveRecord: 0.0ms)


Started GET "/" for 127.0.0.1 at Fri Jul 08 10:59:03 -0700 2011
  Processing by PagesController#page1 as HTML
Rendered pages/page1.html.erb within layouts/application (1.1ms)
Completed 200 OK in 9ms (Views: 9.0ms | ActiveRecord: 0.0ms)


Started GET "/" for 127.0.0.1 at Fri Jul 08 10:59:24 -0700 2011
  Processing by PagesController#page1 as HTML
Rendered pages/page1.html.erb within layouts/application (1.0ms)
Completed 200 OK in 10ms (Views: 10.0ms | ActiveRecord: 0.0ms)


Started GET "/" for 127.0.0.1 at Fri Jul 08 10:59:40 -0700 2011
  Processing by PagesController#page1 as HTML
Rendered pages/page1.html.erb within layouts/application (1.2ms)
Completed 200 OK in 4ms (Views: 3.7ms | ActiveRecord: 0.0ms)


Started GET "/" for 127.0.0.1 at Fri Jul 08 10:59:56 -0700 2011
  Processing by PagesController#page1 as HTML
Rendered pages/page1.html.erb within layouts/application (1.0ms)
Completed 200 OK in 7ms (Views: 6.8ms | ActiveRecord: 0.0ms)


Started GET "/" for 127.0.0.1 at Fri Jul 08 11:00:15 -0700 2011
  Processing by PagesController#page1 as HTML
Rendered pages/page1.html.erb within layouts/application (1.1ms)
Completed 200 OK in 4ms (Views: 3.4ms | ActiveRecord: 0.0ms)


Started GET "/" for 127.0.0.1 at Fri Jul 08 11:00:16 -0700 2011
  Processing by PagesController#page1 as HTML
Rendered pages/page1.html.erb within layouts/application (1.1ms)
Completed 200 OK in 4ms (Views: 3.4ms | ActiveRecord: 0.0ms)


Started GET "/" for 127.0.0.1 at Fri Jul 08 11:00:17 -0700 2011
  Processing by PagesController#page1 as HTML
Rendered pages/page1.html.erb within layouts/application (0.9ms)
Completed 200 OK in 7ms (Views: 6.7ms | ActiveRecord: 0.0ms)


Started GET "/" for 127.0.0.1 at Fri Jul 08 11:01:33 -0700 2011
  Processing by PagesController#page1 as HTML
Rendered pages/page1.html.erb within layouts/application (1.0ms)
Completed 200 OK in 7ms (Views: 6.4ms | ActiveRecord: 0.0ms)


Started GET "/" for 127.0.0.1 at Fri Jul 08 11:02:11 -0700 2011
  Processing by PagesController#page1 as HTML
Rendered pages/page1.html.erb within layouts/application (1.0ms)
Completed 200 OK in 4ms (Views: 3.4ms | ActiveRecord: 0.0ms)


Started GET "/" for 127.0.0.1 at Fri Jul 08 11:02:26 -0700 2011
  Processing by PagesController#page1 as HTML
Rendered pages/page1.html.erb within layouts/application (1.0ms)
Completed 200 OK in 11ms (Views: 10.3ms | ActiveRecord: 0.0ms)


Started GET "/" for 127.0.0.1 at Fri Jul 08 11:02:49 -0700 2011
  Processing by PagesController#page1 as HTML
Rendered pages/page1.html.erb within layouts/application (0.9ms)
Completed 200 OK in 3ms (Views: 3.3ms | ActiveRecord: 0.0ms)


Started GET "/" for 127.0.0.1 at Fri Jul 08 11:02:51 -0700 2011
  Processing by PagesController#page1 as HTML
Rendered pages/page1.html.erb within layouts/application (1.0ms)
Completed 200 OK in 3ms (Views: 3.2ms | ActiveRecord: 0.0ms)


Started GET "/" for 127.0.0.1 at Fri Jul 08 11:04:08 -0700 2011
  Processing by PagesController#page1 as HTML
Rendered pages/page1.html.erb within layouts/application (1.0ms)
Completed 200 OK in 4ms (Views: 3.3ms | ActiveRecord: 0.0ms)


Started GET "/" for 127.0.0.1 at Fri Jul 08 11:04:20 -0700 2011
  Processing by PagesController#page1 as HTML
Rendered pages/page1.html.erb within layouts/application (1.0ms)
Completed 200 OK in 7ms (Views: 6.9ms | ActiveRecord: 0.0ms)


Started GET "/" for 127.0.0.1 at Fri Jul 08 11:05:03 -0700 2011
  Processing by PagesController#page1 as HTML
Rendered pages/page1.html.erb within layouts/application (1.0ms)
Completed 200 OK in 9ms (Views: 8.5ms | ActiveRecord: 0.0ms)


Started GET "/" for 127.0.0.1 at Fri Jul 08 11:05:26 -0700 2011
  Processing by PagesController#page1 as HTML
Rendered pages/page1.html.erb within layouts/application (0.9ms)
Completed 200 OK in 7ms (Views: 6.4ms | ActiveRecord: 0.0ms)


Started GET "/" for 127.0.0.1 at Fri Jul 08 11:05:38 -0700 2011
  Processing by PagesController#page1 as HTML
Rendered pages/page1.html.erb within layouts/application (0.9ms)
Completed 200 OK in 7ms (Views: 6.8ms | ActiveRecord: 0.0ms)


Started GET "/" for 127.0.0.1 at Fri Jul 08 11:05:39 -0700 2011
  Processing by PagesController#page1 as HTML
Rendered pages/page1.html.erb within layouts/application (1.0ms)
Completed 200 OK in 10ms (Views: 9.5ms | ActiveRecord: 0.0ms)


Started GET "/" for 127.0.0.1 at Fri Jul 08 11:05:43 -0700 2011
  Processing by PagesController#page1 as HTML
Rendered pages/page1.html.erb within layouts/application (4.3ms)
Completed 200 OK in 7ms (Views: 6.6ms | ActiveRecord: 0.0ms)


Started GET "/" for 127.0.0.1 at Fri Jul 08 11:05:52 -0700 2011
  Processing by PagesController#page1 as HTML
Rendered pages/page1.html.erb within layouts/application (0.9ms)
Completed 200 OK in 3ms (Views: 3.2ms | ActiveRecord: 0.0ms)


Started GET "/" for 127.0.0.1 at Fri Jul 08 11:06:21 -0700 2011
  Processing by PagesController#page1 as HTML
Rendered pages/page1.html.erb within layouts/application (1.0ms)
Completed 200 OK in 10ms (Views: 9.4ms | ActiveRecord: 0.0ms)


Started GET "/" for 127.0.0.1 at Fri Jul 08 11:06:56 -0700 2011
  Processing by PagesController#page1 as HTML
Rendered pages/page1.html.erb within layouts/application (1.0ms)
Completed 200 OK in 6ms (Views: 6.1ms | ActiveRecord: 0.0ms)


Started GET "/" for 127.0.0.1 at Fri Jul 08 11:08:46 -0700 2011
  Processing by PagesController#page1 as HTML
Rendered pages/page1.html.erb within layouts/application (1.0ms)
Completed 200 OK in 4ms (Views: 3.3ms | ActiveRecord: 0.0ms)


Started GET "/" for 127.0.0.1 at Fri Jul 08 11:09:35 -0700 2011
  Processing by PagesController#page1 as HTML
Rendered pages/page1.html.erb within layouts/application (0.9ms)
Completed 200 OK in 3ms (Views: 3.2ms | ActiveRecord: 0.0ms)


Started GET "/" for 127.0.0.1 at Fri Jul 08 11:16:00 -0700 2011
  Processing by PagesController#page1 as HTML
Rendered pages/page1.html.erb within layouts/application (1.2ms)
Completed 200 OK in 4ms (Views: 3.7ms | ActiveRecord: 0.0ms)


Started GET "/" for 127.0.0.1 at Fri Jul 08 11:16:33 -0700 2011
  Processing by PagesController#page1 as HTML
Rendered pages/page1.html.erb within layouts/application (1.0ms)
Completed 200 OK in 5ms (Views: 5.2ms | ActiveRecord: 0.0ms)


Started GET "/" for 127.0.0.1 at Fri Jul 08 11:16:55 -0700 2011
  Processing by PagesController#page1 as HTML
Rendered pages/page1.html.erb within layouts/application (1.0ms)
Completed 200 OK in 10ms (Views: 10.0ms | ActiveRecord: 0.0ms)


Started GET "/" for 127.0.0.1 at Fri Jul 08 11:25:23 -0700 2011
  Processing by PagesController#page1 as HTML
Rendered pages/page1.html.erb within layouts/application (1.1ms)
Completed 200 OK in 4ms (Views: 3.7ms | ActiveRecord: 0.0ms)


Started GET "/" for 127.0.0.1 at Fri Jul 08 11:38:38 -0700 2011
  Processing by PagesController#page1 as HTML
Rendered pages/page1.html.erb within layouts/application (1.4ms)
Completed 200 OK in 4ms (Views: 3.8ms | ActiveRecord: 0.0ms)


Started GET "/" for 127.0.0.1 at Fri Jul 08 11:39:30 -0700 2011
  Processing by PagesController#page1 as HTML
Rendered pages/page1.html.erb within layouts/application (1.0ms)
Completed 200 OK in 4ms (Views: 3.4ms | ActiveRecord: 0.0ms)


Started GET "/" for 127.0.0.1 at Fri Jul 08 11:40:43 -0700 2011
  Processing by PagesController#page1 as HTML
Rendered pages/page1.html.erb within layouts/application (1.0ms)
Completed 200 OK in 7ms (Views: 6.6ms | ActiveRecord: 0.0ms)


Started GET "/" for 127.0.0.1 at Fri Jul 08 11:40:55 -0700 2011
  Processing by PagesController#page1 as HTML
Rendered pages/page1.html.erb within layouts/application (1.0ms)
Completed 200 OK in 4ms (Views: 3.8ms | ActiveRecord: 0.0ms)


Started GET "/" for 127.0.0.1 at Fri Jul 08 11:41:08 -0700 2011
  Processing by PagesController#page1 as HTML
Rendered pages/page1.html.erb within layouts/application (1.0ms)
Completed 200 OK in 5ms (Views: 4.9ms | ActiveRecord: 0.0ms)


Started GET "/" for 127.0.0.1 at Fri Jul 08 11:45:57 -0700 2011
  Processing by PagesController#page1 as HTML
Rendered pages/page1.html.erb within layouts/application (1.1ms)
Completed 200 OK in 4ms (Views: 3.5ms | ActiveRecord: 0.0ms)


Started GET "/" for 127.0.0.1 at Fri Jul 08 11:46:15 -0700 2011
  Processing by PagesController#page1 as HTML
Rendered pages/page1.html.erb within layouts/application (0.9ms)
Completed 200 OK in 3ms (Views: 3.3ms | ActiveRecord: 0.0ms)


Started GET "/" for 127.0.0.1 at Fri Jul 08 11:46:16 -0700 2011
  Processing by PagesController#page1 as HTML
Rendered pages/page1.html.erb within layouts/application (0.9ms)
Completed 200 OK in 4ms (Views: 3.4ms | ActiveRecord: 0.0ms)


Started GET "/" for 127.0.0.1 at Fri Jul 08 11:46:48 -0700 2011
  Processing by PagesController#page1 as HTML
Rendered pages/page1.html.erb within layouts/application (1.9ms)
Completed 200 OK in 4ms (Views: 4.1ms | ActiveRecord: 0.0ms)


Started GET "/" for 127.0.0.1 at Fri Jul 08 11:46:49 -0700 2011
  Processing by PagesController#page1 as HTML
Rendered pages/page1.html.erb within layouts/application (1.0ms)
Completed 200 OK in 4ms (Views: 3.3ms | ActiveRecord: 0.0ms)


Started GET "/" for 127.0.0.1 at Fri Jul 08 11:47:22 -0700 2011
  Processing by PagesController#page1 as HTML
Rendered pages/page1.html.erb within layouts/application (1.1ms)
Completed 200 OK in 4ms (Views: 3.4ms | ActiveRecord: 0.0ms)


Started GET "/" for 127.0.0.1 at Fri Jul 08 11:47:43 -0700 2011
  Processing by PagesController#page1 as HTML
Rendered pages/page1.html.erb within layouts/application (0.9ms)
Completed 200 OK in 3ms (Views: 3.2ms | ActiveRecord: 0.0ms)


Started GET "/" for 127.0.0.1 at Fri Jul 08 11:47:44 -0700 2011
  Processing by PagesController#page1 as HTML
Rendered pages/page1.html.erb within layouts/application (1.0ms)
Completed 200 OK in 4ms (Views: 3.5ms | ActiveRecord: 0.0ms)


Started GET "/" for 127.0.0.1 at Fri Jul 08 11:48:10 -0700 2011
  Processing by PagesController#page1 as HTML
Rendered pages/page1.html.erb within layouts/application (1.0ms)
Completed 200 OK in 4ms (Views: 3.3ms | ActiveRecord: 0.0ms)


Started GET "/" for 127.0.0.1 at Fri Jul 08 11:53:16 -0700 2011
  Processing by PagesController#page1 as HTML
Rendered pages/page1.html.erb within layouts/application (1.1ms)
Completed 200 OK in 4ms (Views: 3.5ms | ActiveRecord: 0.0ms)


Started GET "/" for 127.0.0.1 at Fri Jul 08 11:53:17 -0700 2011
  Processing by PagesController#page1 as HTML
Rendered pages/page1.html.erb within layouts/application (1.2ms)
Completed 200 OK in 4ms (Views: 3.4ms | ActiveRecord: 0.0ms)


Started GET "/" for 127.0.0.1 at Fri Jul 08 11:53:18 -0700 2011
  Processing by PagesController#page1 as HTML
Rendered pages/page1.html.erb within layouts/application (0.9ms)
Completed 200 OK in 4ms (Views: 3.6ms | ActiveRecord: 0.0ms)


Started GET "/" for 127.0.0.1 at Fri Jul 08 11:53:24 -0700 2011
  Processing by PagesController#page1 as HTML
Rendered pages/page1.html.erb within layouts/application (1.1ms)
Completed 200 OK in 13ms (Views: 12.4ms | ActiveRecord: 0.0ms)


Started GET "/" for 127.0.0.1 at Fri Jul 08 11:54:06 -0700 2011
  Processing by PagesController#page1 as HTML
Rendered pages/page1.html.erb within layouts/application (1.0ms)
Completed 200 OK in 4ms (Views: 3.4ms | ActiveRecord: 0.0ms)


Started GET "/" for 127.0.0.1 at Fri Jul 08 11:54:07 -0700 2011
  Processing by PagesController#page1 as HTML
Rendered pages/page1.html.erb within layouts/application (1.0ms)
Completed 200 OK in 4ms (Views: 3.3ms | ActiveRecord: 0.0ms)


Started GET "/" for 127.0.0.1 at Fri Jul 08 11:55:16 -0700 2011
  Processing by PagesController#page1 as HTML
Rendered pages/page1.html.erb within layouts/application (0.9ms)
Completed 200 OK in 4ms (Views: 3.6ms | ActiveRecord: 0.0ms)


Started GET "/" for 127.0.0.1 at Fri Jul 08 11:55:17 -0700 2011
  Processing by PagesController#page1 as HTML
Rendered pages/page1.html.erb within layouts/application (0.9ms)
Completed 200 OK in 3ms (Views: 3.2ms | ActiveRecord: 0.0ms)


Started GET "/" for 127.0.0.1 at Fri Jul 08 11:55:35 -0700 2011
  Processing by PagesController#page1 as HTML
Rendered pages/page1.html.erb within layouts/application (1.0ms)
Completed 200 OK in 16ms (Views: 15.2ms | ActiveRecord: 0.0ms)


Started GET "/" for 127.0.0.1 at Fri Jul 08 11:55:36 -0700 2011
  Processing by PagesController#page1 as HTML
Rendered pages/page1.html.erb within layouts/application (1.1ms)
Completed 200 OK in 4ms (Views: 3.6ms | ActiveRecord: 0.0ms)


Started GET "/" for 127.0.0.1 at Fri Jul 08 11:55:57 -0700 2011
  Processing by PagesController#page1 as HTML
Rendered pages/page1.html.erb within layouts/application (1.0ms)
Completed 200 OK in 13ms (Views: 13.1ms | ActiveRecord: 0.0ms)


Started GET "/" for 127.0.0.1 at Fri Jul 08 11:56:08 -0700 2011
  Processing by PagesController#page1 as HTML
Rendered pages/page1.html.erb within layouts/application (0.9ms)
Completed 200 OK in 3ms (Views: 3.2ms | ActiveRecord: 0.0ms)


Started GET "/" for 127.0.0.1 at Fri Jul 08 11:56:26 -0700 2011
  Processing by PagesController#page1 as HTML
Rendered pages/page1.html.erb within layouts/application (1.2ms)
Completed 200 OK in 4ms (Views: 3.5ms | ActiveRecord: 0.0ms)


Started GET "/" for 127.0.0.1 at Fri Jul 08 11:59:24 -0700 2011
  Processing by PagesController#page1 as HTML
Rendered pages/page1.html.erb within layouts/application (1.0ms)
Completed 200 OK in 4ms (Views: 3.3ms | ActiveRecord: 0.0ms)


Started GET "/" for 127.0.0.1 at Fri Jul 08 12:00:25 -0700 2011
  Processing by PagesController#page1 as HTML
Rendered pages/page1.html.erb within layouts/application (1.0ms)
Completed 200 OK in 7ms (Views: 6.7ms | ActiveRecord: 0.0ms)


Started GET "/" for 127.0.0.1 at Fri Jul 08 12:03:39 -0700 2011
  Processing by PagesController#page1 as HTML
Rendered pages/page1.html.erb within layouts/application (1.0ms)
Completed 200 OK in 4ms (Views: 3.6ms | ActiveRecord: 0.0ms)


Started GET "/" for 127.0.0.1 at Fri Jul 08 12:04:49 -0700 2011
  Processing by PagesController#page1 as HTML
Rendered pages/page1.html.erb within layouts/application (0.9ms)
Completed 200 OK in 3ms (Views: 3.2ms | ActiveRecord: 0.0ms)


Started GET "/" for 127.0.0.1 at Fri Jul 08 12:05:09 -0700 2011
  Processing by PagesController#page1 as HTML
Rendered pages/page1.html.erb within layouts/application (1.2ms)
Completed 200 OK in 8ms (Views: 7.9ms | ActiveRecord: 0.0ms)


Started GET "/" for 127.0.0.1 at Fri Jul 08 12:06:25 -0700 2011
  Processing by PagesController#page1 as HTML
Rendered pages/page1.html.erb within layouts/application (1.1ms)
Completed 200 OK in 8ms (Views: 7.5ms | ActiveRecord: 0.0ms)


Started GET "/" for 127.0.0.1 at Fri Jul 08 12:06:28 -0700 2011
  Processing by PagesController#page1 as HTML
Rendered pages/page1.html.erb within layouts/application (1.0ms)
Completed 200 OK in 7ms (Views: 6.5ms | ActiveRecord: 0.0ms)


Started GET "/" for 127.0.0.1 at Fri Jul 08 12:06:46 -0700 2011
  Processing by PagesController#page1 as HTML
Rendered pages/page1.html.erb within layouts/application (1.0ms)
Completed 200 OK in 8ms (Views: 7.5ms | ActiveRecord: 0.0ms)


Started GET "/" for 127.0.0.1 at Fri Jul 08 12:07:26 -0700 2011
  Processing by PagesController#page1 as HTML
Rendered pages/page1.html.erb within layouts/application (2.3ms)
Completed 200 OK in 5ms (Views: 4.6ms | ActiveRecord: 0.0ms)


Started GET "/" for 127.0.0.1 at Fri Jul 08 12:08:32 -0700 2011
  Processing by PagesController#page1 as HTML
Rendered pages/page1.html.erb within layouts/application (1.0ms)
Completed 200 OK in 4ms (Views: 3.4ms | ActiveRecord: 0.0ms)


Started GET "/" for 127.0.0.1 at Fri Jul 08 12:09:18 -0700 2011
  Processing by PagesController#page1 as HTML
Rendered pages/page1.html.erb within layouts/application (1.0ms)
Completed 200 OK in 6ms (Views: 5.7ms | ActiveRecord: 0.0ms)


Started GET "/" for 127.0.0.1 at Fri Jul 08 12:09:57 -0700 2011
  Processing by PagesController#page1 as HTML
Rendered pages/page1.html.erb within layouts/application (1.0ms)
Completed 200 OK in 8ms (Views: 7.3ms | ActiveRecord: 0.0ms)


Started GET "/" for 127.0.0.1 at Fri Jul 08 12:10:22 -0700 2011
  Processing by PagesController#page1 as HTML
Rendered pages/page1.html.erb within layouts/application (1.0ms)
Completed 200 OK in 14ms (Views: 13.4ms | ActiveRecord: 0.0ms)


Started GET "/" for 127.0.0.1 at Fri Jul 08 12:10:47 -0700 2011
  Processing by PagesController#page1 as HTML
Rendered pages/page1.html.erb within layouts/application (0.9ms)
Completed 200 OK in 3ms (Views: 3.1ms | ActiveRecord: 0.0ms)


Started GET "/" for 127.0.0.1 at Fri Jul 08 12:14:53 -0700 2011
  Processing by PagesController#page1 as HTML
Rendered pages/page1.html.erb within layouts/application (1.0ms)
Completed 200 OK in 4ms (Views: 3.5ms | ActiveRecord: 0.0ms)


Started GET "/" for 127.0.0.1 at Fri Jul 08 12:14:55 -0700 2011
  Processing by PagesController#page1 as HTML
Rendered pages/page1.html.erb within layouts/application (15.3ms)
Completed 200 OK in 18ms (Views: 17.9ms | ActiveRecord: 0.0ms)


Started GET "/" for 127.0.0.1 at Fri Jul 08 12:15:05 -0700 2011
  Processing by PagesController#page1 as HTML
Rendered pages/page1.html.erb within layouts/application (2.2ms)
Completed 200 OK in 55ms (Views: 14.1ms | ActiveRecord: 0.0ms)


Started GET "/" for 127.0.0.1 at Fri Jul 08 12:15:26 -0700 2011
  Processing by PagesController#page1 as HTML
Rendered pages/page1.html.erb within layouts/application (18.6ms)
Completed 200 OK in 31ms (Views: 31.2ms | ActiveRecord: 0.0ms)


Started GET "/" for 127.0.0.1 at Fri Jul 08 12:16:00 -0700 2011
  Processing by PagesController#page1 as HTML
Rendered pages/page1.html.erb within layouts/application (17.5ms)
Completed 200 OK in 20ms (Views: 20.0ms | ActiveRecord: 0.0ms)


Started GET "/" for 127.0.0.1 at Fri Jul 08 12:16:31 -0700 2011
  Processing by PagesController#page1 as HTML
Rendered pages/page1.html.erb within layouts/application (20.5ms)
Completed 200 OK in 23ms (Views: 22.8ms | ActiveRecord: 0.0ms)


Started GET "/" for 127.0.0.1 at Fri Jul 08 12:16:51 -0700 2011
  Processing by PagesController#page1 as HTML
Rendered pages/page1.html.erb within layouts/application (1.0ms)
Completed 200 OK in 21ms (Views: 20.6ms | ActiveRecord: 0.0ms)


Started GET "/" for 127.0.0.1 at Fri Jul 08 12:17:05 -0700 2011
  Processing by PagesController#page1 as HTML
Rendered pages/page1.html.erb within layouts/application (1.0ms)
Completed 200 OK in 32ms (Views: 31.8ms | ActiveRecord: 0.0ms)


Started GET "/" for 127.0.0.1 at Fri Jul 08 12:17:19 -0700 2011
  Processing by PagesController#page1 as HTML
Rendered pages/page1.html.erb within layouts/application (0.9ms)
Completed 200 OK in 21ms (Views: 21.3ms | ActiveRecord: 0.0ms)


Started GET "/" for 127.0.0.1 at Fri Jul 08 12:17:44 -0700 2011
  Processing by PagesController#page1 as HTML
Rendered pages/page1.html.erb within layouts/application (0.9ms)
Completed 200 OK in 21ms (Views: 20.3ms | ActiveRecord: 0.0ms)


Started GET "/" for 127.0.0.1 at Fri Jul 08 12:18:02 -0700 2011
  Processing by PagesController#page1 as HTML
Rendered pages/page1.html.erb within layouts/application (1.0ms)
Completed 200 OK in 22ms (Views: 22.1ms | ActiveRecord: 0.0ms)


Started GET "/" for 127.0.0.1 at Fri Jul 08 12:18:59 -0700 2011
  Processing by PagesController#page1 as HTML
Rendered pages/page1.html.erb within layouts/application (0.9ms)
Completed 200 OK in 20ms (Views: 3.7ms | ActiveRecord: 0.0ms)


Started GET "/" for 127.0.0.1 at Fri Jul 08 12:19:13 -0700 2011
  Processing by PagesController#page1 as HTML
Rendered pages/page1.html.erb within layouts/application (0.9ms)
Completed 200 OK in 4ms (Views: 3.3ms | ActiveRecord: 0.0ms)


Started GET "/" for 127.0.0.1 at Fri Jul 08 12:19:28 -0700 2011
  Processing by PagesController#page1 as HTML
Rendered pages/page1.html.erb within layouts/application (1.0ms)
Completed 200 OK in 3ms (Views: 3.2ms | ActiveRecord: 0.0ms)


Started GET "/" for 127.0.0.1 at Fri Jul 08 12:19:44 -0700 2011
  Processing by PagesController#page1 as HTML
Rendered pages/page1.html.erb within layouts/application (1.1ms)
Completed 200 OK in 4ms (Views: 3.4ms | ActiveRecord: 0.0ms)


Started GET "/" for 127.0.0.1 at Fri Jul 08 12:19:53 -0700 2011
  Processing by PagesController#page1 as HTML
Rendered pages/page1.html.erb within layouts/application (1.0ms)
Completed 200 OK in 4ms (Views: 3.4ms | ActiveRecord: 0.0ms)


Started GET "/" for 127.0.0.1 at Fri Jul 08 12:24:11 -0700 2011
  Processing by PagesController#page1 as HTML
Rendered pages/page1.html.erb within layouts/application (0.9ms)
Completed 200 OK in 3ms (Views: 3.2ms | ActiveRecord: 0.0ms)


Started GET "/" for 127.0.0.1 at Fri Jul 08 12:25:51 -0700 2011
  Processing by PagesController#page1 as HTML
Rendered pages/page1.html.erb within layouts/application (0.9ms)
Completed 200 OK in 4ms (Views: 3.4ms | ActiveRecord: 0.0ms)
